WARNING 2025-10-30 04:02:57,238 database 10006 140551865235136 AXES: New login failure by {username: "********************", ip_address: "********************", user_agent: "Mozilla/5.0 (Windows NT 10.0; Win64; x64) AppleWebKit/537.36 (KHTML, like Gecko) Chrome/141.0.0.0 Safari/537.36", path_info: "/accounts/signin/"}. Created new record in the database.
WARNING 2025-11-10 00:27:15,879 database 4407 140548760393408 AXES: New login failure by {username: "********************", ip_address: "********************", user_agent: "Mozilla/5.0 (Windows NT 10.0; Win64; x64) AppleWebKit/537.36 (KHTML, like Gecko) Chrome/141.0.0.0 Safari/537.36", path_info: "/accounts/signin/"}. Created new record in the database.
WARNING 2025-11-16 16:30:30,070 log 9171 140629492324032 Forbidden (CSRF token from the 'X-Csrftoken' HTTP header has incorrect length.): /audit/generate-report/
ERROR 2025-11-16 16:53:30,412 log 9396 140604665417856 Invalid HTTP_HOST header: 'testserver'. You may need to add 'testserver' to ALLOWED_HOSTS.
Traceback (most recent call last):
  File "/mnt/e/projects/school/venv/lib/python3.12/site-packages/django/core/handlers/exception.py", line 55, in inner
    response = get_response(request)
               ^^^^^^^^^^^^^^^^^^^^^
  File "/mnt/e/projects/school/venv/lib/python3.12/site-packages/django/utils/deprecation.py", line 119, in __call__
    response = self.process_request(request)
               ^^^^^^^^^^^^^^^^^^^^^^^^^^^^^
  File "/mnt/e/projects/school/venv/lib/python3.12/site-packages/django/middleware/common.py", line 48, in process_request
    host = request.get_host()
           ^^^^^^^^^^^^^^^^^^
  File "/mnt/e/projects/school/venv/lib/python3.12/site-packages/django/http/request.py", line 202, in get_host
    raise DisallowedHost(msg)
django.core.exceptions.DisallowedHost: Invalid HTTP_HOST header: 'testserver'. You may need to add 'testserver' to ALLOWED_HOSTS.
ERROR 2025-11-16 16:53:34,236 log 9396 140604665417856 Invalid HTTP_HOST header: 'testserver'. You may need to add 'testserver' to ALLOWED_HOSTS.
Traceback (most recent call last):
  File "/mnt/e/projects/school/venv/lib/python3.12/site-packages/django/core/handlers/exception.py", line 55, in inner
    response = get_response(request)
               ^^^^^^^^^^^^^^^^^^^^^
  File "/mnt/e/projects/school/venv/lib/python3.12/site-packages/django/utils/deprecation.py", line 119, in __call__
    response = self.process_request(request)
               ^^^^^^^^^^^^^^^^^^^^^^^^^^^^^
  File "/mnt/e/projects/school/venv/lib/python3.12/site-packages/django/middleware/common.py", line 48, in process_request
    host = request.get_host()
           ^^^^^^^^^^^^^^^^^^
  File "/mnt/e/projects/school/venv/lib/python3.12/site-packages/django/http/request.py", line 202, in get_host
    raise DisallowedHost(msg)
django.core.exceptions.DisallowedHost: Invalid HTTP_HOST header: 'testserver'. You may need to add 'testserver' to ALLOWED_HOSTS.
WARNING 2025-11-16 21:34:15,965 log 13343 139673487673024 Forbidden (CSRF token from the 'X-Csrftoken' HTTP header has incorrect length.): /announcements/4/dismiss/
WARNING 2025-11-16 22:21:29,176 log 15449 139730441172672 Forbidden (CSRF token from the 'X-Csrftoken' HTTP header has incorrect length.): /announcements/4/dismiss/
WARNING 2025-11-16 22:25:16,737 log 15605 140697274382016 Forbidden (CSRF token from the 'X-Csrftoken' HTTP header has incorrect length.): /announcements/4/dismiss/
WARNING 2025-11-16 22:28:47,034 log 15678 139676361946816 Forbidden (CSRF token from the 'X-Csrftoken' HTTP header incorrect.): /announcements/4/dismiss/
WARNING 2025-11-16 22:32:04,133 log 15778 140562882590400 Forbidden (CSRF token from the 'X-Csrftoken' HTTP header incorrect.): /announcements/4/dismiss/
WARNING 2025-11-16 22:34:55,487 log 15778 140562882590400 Forbidden (CSRF token from the 'X-Csrftoken' HTTP header incorrect.): /announcements/4/dismiss/
WARNING 2025-11-16 22:41:39,381 log 15778 140562882590400 Forbidden (CSRF token from the 'X-Csrftoken' HTTP header incorrect.): /announcements/4/dismiss/
WARNING 2025-11-16 22:51:34,144 log 16322 140227248092864 Forbidden (CSRF token from the 'X-Csrftoken' HTTP header incorrect.): /announcements/8/dismiss/
WARNING 2025-11-16 22:58:03,828 working_csrf_fix 16541 139967957272256 🔵 WORKING CSRF: Checking GET /announcements/active/
WARNING 2025-11-16 22:58:05,865 working_csrf_fix 16541 139967948879552 🔵 WORKING CSRF: Checking GET /announcements/
WARNING 2025-11-16 22:58:16,149 working_csrf_fix 16541 139967939438272 🔵 WORKING CSRF: Checking GET /announcements/create/
WARNING 2025-11-16 22:58:17,263 working_csrf_fix 16541 139967931045568 🔵 WORKING CSRF: Checking GET /api/security/status/
WARNING 2025-11-16 22:58:20,218 working_csrf_fix 16541 139967931045568 🔵 WORKING CSRF: Checking GET /__debug__/history_sidebar/
WARNING 2025-11-16 22:58:21,514 working_csrf_fix 16541 139967939438272 🔵 WORKING CSRF: Checking GET /announcements/active/
WARNING 2025-11-16 22:58:21,514 working_csrf_fix 16541 139967931045568 🔵 WORKING CSRF: Checking GET /api/security/notifications/
WARNING 2025-11-16 22:58:23,889 working_csrf_fix 16541 139967939438272 🔵 WORKING CSRF: Checking GET /announcements/
WARNING 2025-11-16 22:58:26,495 working_csrf_fix 16541 139967939438272 🔵 WORKING CSRF: Checking GET /announcements/active/
WARNING 2025-11-16 22:58:26,495 working_csrf_fix 16541 139967931045568 🔵 WORKING CSRF: Checking GET /api/security/notifications/
WARNING 2025-11-16 22:58:35,509 working_csrf_fix 16541 139967939438272 🔵 WORKING CSRF: Checking POST /announcements/4/dismiss/
ERROR 2025-11-16 22:58:35,513 working_csrf_fix 16541 139967939438272 🎯 WORKING CSRF: FOUND ANNOUNCEMENT DISMISSAL: /announcements/4/dismiss/
ERROR 2025-11-16 22:58:35,520 working_csrf_fix 16541 139967939438272 🎯 WORKING CSRF: Valid token: dMhBJBODFYkTrzMioNGCztwARfG2GugMQMfXpDSzjpUMOpCatRkVp6zNQbl6q05H
ERROR 2025-11-16 22:58:35,527 working_csrf_fix 16541 139967939438272 🎯 WORKING CSRF: HTTP_X_CSRFTOKEN = 'null'
ERROR 2025-11-16 22:58:35,533 working_csrf_fix 16541 139967939438272 🎯 WORKING CSRF: HTTP_X_CSRFTOKEN = 'null'
ERROR 2025-11-16 22:58:35,539 working_csrf_fix 16541 139967939438272 🎯 WORKING CSRF: Headers forced to valid token
ERROR 2025-11-16 22:58:35,546 working_csrf_fix 16541 139967939438272 🎯 WORKING CSRF: Bypassing CSRF check
WARNING 2025-11-16 22:58:35,763 log 16541 139967939438272 Forbidden (CSRF token from the 'X-Csrftoken' HTTP header incorrect.): /announcements/4/dismiss/
WARNING 2025-11-16 22:58:36,769 working_csrf_fix 16541 139967939438272 🔵 WORKING CSRF: Checking GET /__debug__/history_sidebar/
WARNING 2025-11-16 22:58:42,358 working_csrf_fix 16541 139967939438272 🔵 WORKING CSRF: Checking GET /announcements/8/
WARNING 2025-11-16 22:58:43,270 working_csrf_fix 16541 139967939438272 🔵 WORKING CSRF: Checking GET /announcements/
WARNING 2025-11-16 22:58:45,697 working_csrf_fix 16541 139967939438272 🔵 WORKING CSRF: Checking GET /announcements/active/
WARNING 2025-11-16 22:58:45,700 working_csrf_fix 16541 139967931045568 🔵 WORKING CSRF: Checking GET /api/security/notifications/
WARNING 2025-11-16 22:59:08,974 working_csrf_fix 16541 139967939438272 🔵 WORKING CSRF: Checking GET /announcements/active/
WARNING 2025-11-16 22:59:10,326 working_csrf_fix 16541 139967939438272 🔵 WORKING CSRF: Checking GET /__debug__/history_sidebar/
WARNING 2025-11-16 22:59:16,004 working_csrf_fix 16541 139967939438272 🔵 WORKING CSRF: Checking GET /api/security/status/
WARNING 2025-11-16 22:59:18,175 working_csrf_fix 16541 139967939438272 🔵 WORKING CSRF: Checking GET /__debug__/history_sidebar/
WARNING 2025-11-16 22:59:46,034 working_csrf_fix 16541 139967939438272 🔵 WORKING CSRF: Checking GET /api/security/notifications/
WARNING 2025-11-16 22:59:46,038 working_csrf_fix 16541 139967931045568 🔵 WORKING CSRF: Checking GET /api/security/status/
WARNING 2025-11-16 22:59:48,185 working_csrf_fix 16541 139967931045568 🔵 WORKING CSRF: Checking GET /__debug__/history_sidebar/
WARNING 2025-11-16 23:00:16,043 working_csrf_fix 16541 139967931045568 🔵 WORKING CSRF: Checking GET /api/security/status/
WARNING 2025-11-16 23:00:18,212 working_csrf_fix 16541 139967931045568 🔵 WORKING CSRF: Checking GET /__debug__/history_sidebar/
WARNING 2025-11-16 23:00:46,069 working_csrf_fix 16541 139967931045568 🔵 WORKING CSRF: Checking GET /api/security/notifications/
WARNING 2025-11-16 23:00:46,070 working_csrf_fix 16541 139967939438272 🔵 WORKING CSRF: Checking GET /api/security/status/
WARNING 2025-11-16 23:00:48,236 working_csrf_fix 16541 139967931045568 🔵 WORKING CSRF: Checking GET /__debug__/history_sidebar/
WARNING 2025-11-16 23:01:16,048 working_csrf_fix 16541 139967931045568 🔵 WORKING CSRF: Checking GET /api/security/status/
WARNING 2025-11-16 23:01:18,214 working_csrf_fix 16541 139967931045568 🔵 WORKING CSRF: Checking GET /__debug__/history_sidebar/
WARNING 2025-11-16 23:01:46,071 working_csrf_fix 16541 139967939438272 🔵 WORKING CSRF: Checking GET /api/security/status/
WARNING 2025-11-16 23:01:46,072 working_csrf_fix 16541 139967931045568 🔵 WORKING CSRF: Checking GET /api/security/notifications/
WARNING 2025-11-16 23:01:48,234 working_csrf_fix 16541 139967931045568 🔵 WORKING CSRF: Checking GET /__debug__/history_sidebar/
ERROR 2025-11-16 23:07:44,005 csrf_definite_bypass 16729 139704332678848 🎯 DEFINITE BYPASS: Processing /announcements/4/dismiss/
ERROR 2025-11-16 23:07:44,023 csrf_definite_bypass 16729 139704332678848 🎯 DEFINITE BYPASS: COMPLETELY BYPASSING CSRF
ERROR 2025-11-16 23:25:24,472 csrf_definite_bypass 17050 140639113146496 🎯 DEFINITE BYPASS: Processing /announcements/1/dismiss/
ERROR 2025-11-16 23:25:24,505 csrf_definite_bypass 17050 140639113146496 🎯 DEFINITE BYPASS: COMPLETELY BYPASSING CSRF
